This is pdfTeX, Version 3.141592653-2.6-1.40.26 (TeX Live 2024) (preloaded format=pdflatex 2025.1.26)  26 JAN 2025 13:38
entering extended mode
 restricted \write18 enabled.
 %&-line parsing enabled.
**hw1-lobstrs-eds241.tex
(./hw1-lobstrs-eds241.tex
LaTeX2e <2024-11-01> patch level 1
L3 programming layer <2024-12-25>
(/Users/hayleeoyler/Library/TinyTeX/texmf-dist/tex/latex/base/article.cls
Document Class: article 2024/06/29 v1.4n Standard LaTeX document class
(/Users/hayleeoyler/Library/TinyTeX/texmf-dist/tex/latex/base/size10.clo
File: size10.clo 2024/06/29 v1.4n Standard LaTeX file (size option)
)
\c@part=\count196
\c@section=\count197
\c@subsection=\count198
\c@subsubsection=\count199
\c@paragraph=\count266
\c@subparagraph=\count267
\c@figure=\count268
\c@table=\count269
\abovecaptionskip=\skip49
\belowcaptionskip=\skip50
\bibindent=\dimen141
) (/Users/hayleeoyler/Library/TinyTeX/texmf-dist/tex/latex/xcolor/xcolor.sty
Package: xcolor 2024/09/29 v3.02 LaTeX color extensions (UK)
(/Users/hayleeoyler/Library/TinyTeX/texmf-dist/tex/latex/graphics-cfg/color.cfg
File: color.cfg 2016/01/02 v1.6 sample color configuration
)
Package xcolor Info: Driver file: pdftex.def on input line 274.
(/Users/hayleeoyler/Library/TinyTeX/texmf-dist/tex/latex/graphics-def/pdftex.def
File: pdftex.def 2024/04/13 v1.2c Graphics/color driver for pdftex
) (/Users/hayleeoyler/Library/TinyTeX/texmf-dist/tex/latex/graphics/mathcolor.ltx)
Package xcolor Info: Model `cmy' substituted by `cmy0' on input line 1349.
Package xcolor Info: Model `hsb' substituted by `rgb' on input line 1353.
Package xcolor Info: Model `RGB' extended on input line 1365.
Package xcolor Info: Model `HTML' substituted by `rgb' on input line 1367.
Package xcolor Info: Model `Hsb' substituted by `hsb' on input line 1368.
Package xcolor Info: Model `tHsb' substituted by `hsb' on input line 1369.
Package xcolor Info: Model `HSB' substituted by `hsb' on input line 1370.
Package xcolor Info: Model `Gray' substituted by `gray' on input line 1371.
Package xcolor Info: Model `wave' substituted by `hsb' on input line 1372.
) (/Users/hayleeoyler/Library/TinyTeX/texmf-dist/tex/latex/geometry/geometry.sty
Package: geometry 2020/01/02 v5.9 Page Geometry
(/Users/hayleeoyler/Library/TinyTeX/texmf-dist/tex/latex/graphics/keyval.sty
Package: keyval 2022/05/29 v1.15 key=value parser (DPC)
\KV@toks@=\toks17
) (/Users/hayleeoyler/Library/TinyTeX/texmf-dist/tex/generic/iftex/ifvtex.sty
Package: ifvtex 2019/10/25 v1.7 ifvtex legacy package. Use iftex instead.
(/Users/hayleeoyler/Library/TinyTeX/texmf-dist/tex/generic/iftex/iftex.sty
Package: iftex 2024/12/12 v1.0g TeX engine tests
))
\Gm@cnth=\count270
\Gm@cntv=\count271
\c@Gm@tempcnt=\count272
\Gm@bindingoffset=\dimen142
\Gm@wd@mp=\dimen143
\Gm@odd@mp=\dimen144
\Gm@even@mp=\dimen145
\Gm@layoutwidth=\dimen146
\Gm@layoutheight=\dimen147
\Gm@layouthoffset=\dimen148
\Gm@layoutvoffset=\dimen149
\Gm@dimlist=\toks18
) (/Users/hayleeoyler/Library/TinyTeX/texmf-dist/tex/latex/amsmath/amsmath.sty
Package: amsmath 2024/11/05 v2.17t AMS math features
\@mathmargin=\skip51
For additional information on amsmath, use the `?' option.
(/Users/hayleeoyler/Library/TinyTeX/texmf-dist/tex/latex/amsmath/amstext.sty
Package: amstext 2021/08/26 v2.01 AMS text
(/Users/hayleeoyler/Library/TinyTeX/texmf-dist/tex/latex/amsmath/amsgen.sty
File: amsgen.sty 1999/11/30 v2.0 generic functions
\@emptytoks=\toks19
\ex@=\dimen150
)) (/Users/hayleeoyler/Library/TinyTeX/texmf-dist/tex/latex/amsmath/amsbsy.sty
Package: amsbsy 1999/11/29 v1.2d Bold Symbols
\pmbraise@=\dimen151
) (/Users/hayleeoyler/Library/TinyTeX/texmf-dist/tex/latex/amsmath/amsopn.sty
Package: amsopn 2022/04/08 v2.04 operator names
)
\inf@bad=\count273
LaTeX Info: Redefining \frac on input line 233.
\uproot@=\count274
\leftroot@=\count275
LaTeX Info: Redefining \overline on input line 398.
LaTeX Info: Redefining \colon on input line 409.
\classnum@=\count276
\DOTSCASE@=\count277
LaTeX Info: Redefining \ldots on input line 495.
LaTeX Info: Redefining \dots on input line 498.
LaTeX Info: Redefining \cdots on input line 619.
\Mathstrutbox@=\box52
\strutbox@=\box53
LaTeX Info: Redefining \big on input line 721.
LaTeX Info: Redefining \Big on input line 722.
LaTeX Info: Redefining \bigg on input line 723.
LaTeX Info: Redefining \Bigg on input line 724.
\big@size=\dimen152
LaTeX Font Info:    Redeclaring font encoding OML on input line 742.
LaTeX Font Info:    Redeclaring font encoding OMS on input line 743.
\macc@depth=\count278
LaTeX Info: Redefining \bmod on input line 904.
LaTeX Info: Redefining \pmod on input line 909.
LaTeX Info: Redefining \smash on input line 939.
LaTeX Info: Redefining \relbar on input line 969.
LaTeX Info: Redefining \Relbar on input line 970.
\c@MaxMatrixCols=\count279
\dotsspace@=\muskip17
\c@parentequation=\count280
\dspbrk@lvl=\count281
\tag@help=\toks20
\row@=\count282
\column@=\count283
\maxfields@=\count284
\andhelp@=\toks21
\eqnshift@=\dimen153
\alignsep@=\dimen154
\tagshift@=\dimen155
\tagwidth@=\dimen156
\totwidth@=\dimen157
\lineht@=\dimen158
\@envbody=\toks22
\multlinegap=\skip52
\multlinetaggap=\skip53
\mathdisplay@stack=\toks23
LaTeX Info: Redefining \[ on input line 2953.
LaTeX Info: Redefining \] on input line 2954.
) (/Users/hayleeoyler/Library/TinyTeX/texmf-dist/tex/latex/amsfonts/amssymb.sty
Package: amssymb 2013/01/14 v3.01 AMS font symbols
(/Users/hayleeoyler/Library/TinyTeX/texmf-dist/tex/latex/amsfonts/amsfonts.sty
Package: amsfonts 2013/01/14 v3.01 Basic AMSFonts support
\symAMSa=\mathgroup4
\symAMSb=\mathgroup5
LaTeX Font Info:    Redeclaring math symbol \hbar on input line 98.
LaTeX Font Info:    Overwriting math alphabet `\mathfrak' in version `bold'
(Font)                  U/euf/m/n --> U/euf/b/n on input line 106.
)) (/Users/hayleeoyler/Library/TinyTeX/texmf-dist/tex/latex/base/fontenc.sty
Package: fontenc 2021/04/29 v2.0v Standard LaTeX package
) (/Users/hayleeoyler/Library/TinyTeX/texmf-dist/tex/latex/base/inputenc.sty
Package: inputenc 2024/02/08 v1.3d Input encoding file
\inpenc@prehook=\toks24
\inpenc@posthook=\toks25
) (/Users/hayleeoyler/Library/TinyTeX/texmf-dist/tex/latex/base/textcomp.sty
Package: textcomp 2024/04/24 v2.1b Standard LaTeX package
) (/Users/hayleeoyler/Library/TinyTeX/texmf-dist/tex/latex/lm/lmodern.sty
Package: lmodern 2015/05/01 v1.6.1 Latin Modern Fonts
LaTeX Font Info:    Overwriting symbol font `operators' in version `normal'
(Font)                  OT1/cmr/m/n --> OT1/lmr/m/n on input line 22.
LaTeX Font Info:    Overwriting symbol font `letters' in version `normal'
(Font)                  OML/cmm/m/it --> OML/lmm/m/it on input line 23.
LaTeX Font Info:    Overwriting symbol font `symbols' in version `normal'
(Font)                  OMS/cmsy/m/n --> OMS/lmsy/m/n on input line 24.
LaTeX Font Info:    Overwriting symbol font `largesymbols' in version `normal'
(Font)                  OMX/cmex/m/n --> OMX/lmex/m/n on input line 25.
LaTeX Font Info:    Overwriting symbol font `operators' in version `bold'
(Font)                  OT1/cmr/bx/n --> OT1/lmr/bx/n on input line 26.
LaTeX Font Info:    Overwriting symbol font `letters' in version `bold'
(Font)                  OML/cmm/b/it --> OML/lmm/b/it on input line 27.
LaTeX Font Info:    Overwriting symbol font `symbols' in version `bold'
(Font)                  OMS/cmsy/b/n --> OMS/lmsy/b/n on input line 28.
LaTeX Font Info:    Overwriting symbol font `largesymbols' in version `bold'
(Font)                  OMX/cmex/m/n --> OMX/lmex/m/n on input line 29.
LaTeX Font Info:    Overwriting math alphabet `\mathbf' in version `normal'
(Font)                  OT1/cmr/bx/n --> OT1/lmr/bx/n on input line 31.
LaTeX Font Info:    Overwriting math alphabet `\mathsf' in version `normal'
(Font)                  OT1/cmss/m/n --> OT1/lmss/m/n on input line 32.
LaTeX Font Info:    Overwriting math alphabet `\mathit' in version `normal'
(Font)                  OT1/cmr/m/it --> OT1/lmr/m/it on input line 33.
LaTeX Font Info:    Overwriting math alphabet `\mathtt' in version `normal'
(Font)                  OT1/cmtt/m/n --> OT1/lmtt/m/n on input line 34.
LaTeX Font Info:    Overwriting math alphabet `\mathbf' in version `bold'
(Font)                  OT1/cmr/bx/n --> OT1/lmr/bx/n on input line 35.
LaTeX Font Info:    Overwriting math alphabet `\mathsf' in version `bold'
(Font)                  OT1/cmss/bx/n --> OT1/lmss/bx/n on input line 36.
LaTeX Font Info:    Overwriting math alphabet `\mathit' in version `bold'
(Font)                  OT1/cmr/bx/it --> OT1/lmr/bx/it on input line 37.
LaTeX Font Info:    Overwriting math alphabet `\mathtt' in version `bold'
(Font)                  OT1/cmtt/m/n --> OT1/lmtt/m/n on input line 38.
) (/Users/hayleeoyler/Library/TinyTeX/texmf-dist/tex/latex/upquote/upquote.sty
Package: upquote 2012/04/19 v1.3 upright-quote and grave-accent glyphs in verbatim
) (/Users/hayleeoyler/Library/TinyTeX/texmf-dist/tex/latex/microtype/microtype.sty
Package: microtype 2024/12/12 v3.2 Micro-typographical refinements (RS)
(/Users/hayleeoyler/Library/TinyTeX/texmf-dist/tex/latex/etoolbox/etoolbox.sty
Package: etoolbox 2020/10/05 v2.5k e-TeX tools for LaTeX (JAW)
\etb@tempcnta=\count285
)
\MT@toks=\toks26
\MT@tempbox=\box54
\MT@count=\count286
LaTeX Info: Redefining \noprotrusionifhmode on input line 1075.
LaTeX Info: Redefining \leftprotrusion on input line 1076.
\MT@prot@toks=\toks27
LaTeX Info: Redefining \rightprotrusion on input line 1095.
LaTeX Info: Redefining \textls on input line 1437.
\MT@outer@kern=\dimen159
LaTeX Info: Redefining \microtypecontext on input line 2041.
LaTeX Info: Redefining \textmicrotypecontext on input line 2058.
\MT@listname@count=\count287
(/Users/hayleeoyler/Library/TinyTeX/texmf-dist/tex/latex/microtype/microtype-pdftex.def
File: microtype-pdftex.def 2024/12/12 v3.2 Definitions specific to pdftex (RS)
LaTeX Info: Redefining \lsstyle on input line 944.
LaTeX Info: Redefining \lslig on input line 944.
\MT@outer@space=\skip54
)
Package microtype Info: Loading configuration file microtype.cfg.
(/Users/hayleeoyler/Library/TinyTeX/texmf-dist/tex/latex/microtype/microtype.cfg
File: microtype.cfg 2024/12/12 v3.2 microtype main configuration file (RS)
)
LaTeX Info: Redefining \microtypesetup on input line 3053.
) (/Users/hayleeoyler/Library/TinyTeX/texmf-dist/tex/latex/parskip/parskip.sty
Package: parskip 2021-03-14 v2.0h non-zero parskip adjustments
(/Users/hayleeoyler/Library/TinyTeX/texmf-dist/tex/latex/kvoptions/kvoptions.sty
Package: kvoptions 2022-06-15 v3.15 Key value format for package options (HO)
(/Users/hayleeoyler/Library/TinyTeX/texmf-dist/tex/generic/ltxcmds/ltxcmds.sty
Package: ltxcmds 2023-12-04 v1.26 LaTeX kernel commands for general use (HO)
) (/Users/hayleeoyler/Library/TinyTeX/texmf-dist/tex/latex/kvsetkeys/kvsetkeys.sty
Package: kvsetkeys 2022-10-05 v1.19 Key value parser (HO)
))) (/Users/hayleeoyler/Library/TinyTeX/texmf-dist/tex/latex/fancyvrb/fancyvrb.sty
Package: fancyvrb 2024/01/20 4.5c verbatim text (tvz,hv)
\FV@CodeLineNo=\count288
\FV@InFile=\read2
\FV@TabBox=\box55
\c@FancyVerbLine=\count289
\FV@StepNumber=\count290
\FV@OutFile=\write3
) (/Users/hayleeoyler/Library/TinyTeX/texmf-dist/tex/latex/framed/framed.sty
Package: framed 2011/10/22 v 0.96: framed or shaded text with page breaks
\OuterFrameSep=\skip55
\fb@frw=\dimen160
\fb@frh=\dimen161
\FrameRule=\dimen162
\FrameSep=\dimen163
) (/Users/hayleeoyler/Library/TinyTeX/texmf-dist/tex/latex/graphics/graphicx.sty
Package: graphicx 2021/09/16 v1.2d Enhanced LaTeX Graphics (DPC,SPQR)
(/Users/hayleeoyler/Library/TinyTeX/texmf-dist/tex/latex/graphics/graphics.sty
Package: graphics 2024/08/06 v1.4g Standard LaTeX Graphics (DPC,SPQR)
(/Users/hayleeoyler/Library/TinyTeX/texmf-dist/tex/latex/graphics/trig.sty
Package: trig 2023/12/02 v1.11 sin cos tan (DPC)
) (/Users/hayleeoyler/Library/TinyTeX/texmf-dist/tex/latex/graphics-cfg/graphics.cfg
File: graphics.cfg 2016/06/04 v1.11 sample graphics configuration
)
Package graphics Info: Driver file: pdftex.def on input line 106.
)
\Gin@req@height=\dimen164
\Gin@req@width=\dimen165
)
\pandoc@box=\box56
(/Users/hayleeoyler/Library/TinyTeX/texmf-dist/tex/latex/booktabs/booktabs.sty
Package: booktabs 2020/01/12 v1.61803398 Publication quality tables
\heavyrulewidth=\dimen166
\lightrulewidth=\dimen167
\cmidrulewidth=\dimen168
\belowrulesep=\dimen169
\belowbottomsep=\dimen170
\aboverulesep=\dimen171
\abovetopsep=\dimen172
\cmidrulesep=\dimen173
\cmidrulekern=\dimen174
\defaultaddspace=\dimen175
\@cmidla=\count291
\@cmidlb=\count292
\@aboverulesep=\dimen176
\@belowrulesep=\dimen177
\@thisruleclass=\count293
\@lastruleclass=\count294
\@thisrulewidth=\dimen178
) (/Users/hayleeoyler/Library/TinyTeX/texmf-dist/tex/latex/caption/caption.sty
Package: caption 2023/08/05 v3.6o Customizing captions (AR)
(/Users/hayleeoyler/Library/TinyTeX/texmf-dist/tex/latex/caption/caption3.sty
Package: caption3 2023/07/31 v2.4d caption3 kernel (AR)
\caption@tempdima=\dimen179
\captionmargin=\dimen180
\caption@leftmargin=\dimen181
\caption@rightmargin=\dimen182
\caption@width=\dimen183
\caption@indent=\dimen184
\caption@parindent=\dimen185
\caption@hangindent=\dimen186
Package caption Info: Standard document class detected.
)
\c@caption@flags=\count295
\c@continuedfloat=\count296
) (/Users/hayleeoyler/Library/TinyTeX/texmf-dist/tex/latex/tools/longtable.sty
Package: longtable 2024-10-27 v4.22 Multi-page Table package (DPC)
\LTleft=\skip56
\LTright=\skip57
\LTpre=\skip58
\LTpost=\skip59
\LTchunksize=\count297
\LTcapwidth=\dimen187
\LT@head=\box57
\LT@firsthead=\box58
\LT@foot=\box59
\LT@lastfoot=\box60
\LT@gbox=\box61
\LT@cols=\count298
\LT@rows=\count299
\c@LT@tables=\count300
\c@LT@chunks=\count301
\LT@p@ftn=\toks28
) (/Users/hayleeoyler/Library/TinyTeX/texmf-dist/tex/latex/colortbl/colortbl.sty
Package: colortbl 2024/07/06 v1.0i Color table columns (DPC)
(/Users/hayleeoyler/Library/TinyTeX/texmf-dist/tex/latex/tools/array.sty
Package: array 2024/10/17 v2.6g Tabular extension package (FMi)
\col@sep=\dimen188
\ar@mcellbox=\box62
\extrarowheight=\dimen189
\NC@list=\toks29
\extratabsurround=\skip60
\backup@length=\skip61
\ar@cellbox=\box63
)
\everycr=\toks30
\minrowclearance=\skip62
\rownum=\count302
) (/Users/hayleeoyler/Library/TinyTeX/texmf-dist/tex/latex/anyfontsize/anyfontsize.sty
Package: anyfontsize 2007/11/22 anyfontsize.sty by pts
) (/Users/hayleeoyler/Library/TinyTeX/texmf-dist/tex/latex/multirow/multirow.sty
Package: multirow 2024/11/12 v2.9 Span multiple rows of a table
\multirow@colwidth=\skip63
\multirow@cntb=\count303
\multirow@dima=\skip64
\bigstrutjot=\dimen190
) (/Users/hayleeoyler/Library/TinyTeX/texmf-dist/tex/latex/wrapfig/wrapfig.sty
\wrapoverhang=\dimen191
\WF@size=\dimen192
\c@WF@wrappedlines=\count304
\WF@box=\box64
\WF@everypar=\toks31
Package: wrapfig 2003/01/31  v 3.6
) (/Users/hayleeoyler/Library/TinyTeX/texmf-dist/tex/latex/float/float.sty
Package: float 2001/11/08 v1.3d Float enhancements (AL)
\c@float@type=\count305
\float@exts=\toks32
\float@box=\box65
\@float@everytoks=\toks33
\@floatcapt=\box66
) (/Users/hayleeoyler/Library/TinyTeX/texmf-dist/tex/latex/pdflscape/pdflscape.sty
Package: pdflscape 2022-10-27 v0.13 Display of landscape pages in PDF
(/Users/hayleeoyler/Library/TinyTeX/texmf-dist/tex/latex/pdflscape/pdflscape-nometadata.sty
Package: pdflscape-nometadata 2022-10-28 v0.13 Display of landscape pages in PDF (HO)
(/Users/hayleeoyler/Library/TinyTeX/texmf-dist/tex/latex/graphics/lscape.sty
Package: lscape 2020/05/28 v3.02 Landscape Pages (DPC)
)
Package pdflscape Info: Auto-detected driver: pdftex on input line 81.
)) (/Users/hayleeoyler/Library/TinyTeX/texmf-dist/tex/latex/tabu/tabu.sty
Package: tabu 2019/01/11 v2.9 - flexible LaTeX tabulars (FC+tabu-fixed)
(/Users/hayleeoyler/Library/TinyTeX/texmf-dist/tex/latex/varwidth/varwidth.sty
Package: varwidth 2009/03/30 ver 0.92;  Variable-width minipages
\@vwid@box=\box67
\sift@deathcycles=\count306
\@vwid@loff=\dimen193
\@vwid@roff=\dimen194
)
\c@taburow=\count307
\tabu@nbcols=\count308
\tabu@cnt=\count309
\tabu@Xcol=\count310
\tabu@alloc=\count311
\tabu@nested=\count312
\tabu@target=\dimen195
\tabu@spreadtarget=\dimen196
\tabu@naturalX=\dimen197
\tabucolX=\dimen198
\tabu@Xsum=\dimen199
\extrarowdepth=\dimen256
\abovetabulinesep=\dimen257
\belowtabulinesep=\dimen258
\tabustrutrule=\dimen259
\tabu@thebody=\toks34
\tabu@footnotes=\toks35
\tabu@box=\box68
\tabu@arstrutbox=\box69
\tabu@hleads=\box70
\tabu@vleads=\box71
\tabu@cellskip=\skip65
) (/Users/hayleeoyler/Library/TinyTeX/texmf-dist/tex/latex/threeparttable/threeparttable.sty
Package: threeparttable 2003/06/13  v 3.0
\@tempboxb=\box72
) (/Users/hayleeoyler/Library/TinyTeX/texmf-dist/tex/latex/threeparttablex/threeparttablex.sty
Package: threeparttablex 2013/07/23 v0.3 by daleif
(/Users/hayleeoyler/Library/TinyTeX/texmf-dist/tex/latex/environ/environ.sty
Package: environ 2014/05/04 v0.3 A new way to define environments
(/Users/hayleeoyler/Library/TinyTeX/texmf-dist/tex/latex/trimspaces/trimspaces.sty
Package: trimspaces 2009/09/17 v1.1 Trim spaces around a token list
))
\TPTL@width=\skip66
) (/Users/hayleeoyler/Library/TinyTeX/texmf-dist/tex/generic/ulem/ulem.sty
\UL@box=\box73
\UL@hyphenbox=\box74
\UL@skip=\skip67
\UL@hook=\toks36
\UL@height=\dimen260
\UL@pe=\count313
\UL@pixel=\dimen261
\ULC@box=\box75
Package: ulem 2019/11/18
\ULdepth=\dimen262
) (/Users/hayleeoyler/Library/TinyTeX/texmf-dist/tex/latex/makecell/makecell.sty
Package: makecell 2009/08/03 V0.1e Managing of Tab Column Heads and Cells
\rotheadsize=\dimen263
\c@nlinenum=\count314
\TeXr@lab=\toks37
) (/Users/hayleeoyler/Library/TinyTeX/texmf-dist/tex/latex/siunitx/siunitx.sty
Package: siunitx 2025-01-21 v3.4.4 A comprehensive (SI) units package
\l__siunitx_number_uncert_offset_int=\count315
\l__siunitx_number_exponent_fixed_int=\count316
\l__siunitx_number_min_decimal_int=\count317
\l__siunitx_number_min_integer_int=\count318
\l__siunitx_number_round_precision_int=\count319
\l__siunitx_number_lower_threshold_int=\count320
\l__siunitx_number_upper_threshold_int=\count321
\l__siunitx_number_group_first_int=\count322
\l__siunitx_number_group_size_int=\count323
\l__siunitx_number_group_minimum_int=\count324
\l__siunitx_angle_tmp_dim=\dimen264
\l__siunitx_angle_marker_box=\box76
\l__siunitx_angle_unit_box=\box77
\l__siunitx_compound_count_int=\count325
\l__siunitx_table_tmp_box=\box78
\l__siunitx_table_tmp_dim=\dimen265
\l__siunitx_table_column_width_dim=\dimen266
\l__siunitx_table_integer_box=\box79
\l__siunitx_table_decimal_box=\box80
\l__siunitx_table_uncert_box=\box81
\l__siunitx_table_before_box=\box82
\l__siunitx_table_after_box=\box83
\l__siunitx_table_before_dim=\dimen267
\l__siunitx_table_carry_dim=\dimen268
\l__siunitx_unit_tmp_int=\count326
\l__siunitx_unit_position_int=\count327
\l__siunitx_unit_total_int=\count328
) (/Users/hayleeoyler/Library/TinyTeX/texmf-dist/tex/latex/tools/hhline.sty
Package: hhline 2020/01/04 v2.04 Table rule package (DPC)
) (/Users/hayleeoyler/Library/TinyTeX/texmf-dist/tex/latex/tools/calc.sty
Package: calc 2023/07/08 v4.3 Infix arithmetic (KKT,FJ)
\calc@Acount=\count329
\calc@Bcount=\count330
\calc@Adimen=\dimen269
\calc@Bdimen=\dimen270
\calc@Askip=\skip68
\calc@Bskip=\skip69
LaTeX Info: Redefining \setlength on input line 80.
LaTeX Info: Redefining \addtolength on input line 81.
\calc@Ccount=\count331
\calc@Cskip=\skip70
) (/Users/hayleeoyler/Library/TinyTeX/texmf-dist/tex/latex/tools/tabularx.sty
Package: tabularx 2023/12/11 v2.12a `tabularx' package (DPC)
\TX@col@width=\dimen271
\TX@old@table=\dimen272
\TX@old@col=\dimen273
\TX@target=\dimen274
\TX@delta=\dimen275
\TX@cols=\count332
\TX@ftn=\toks38
) (/Users/hayleeoyler/Library/TinyTeX/texmf-dist/tex/latex/adjustbox/adjustbox.sty
Package: adjustbox 2022/10/17 v1.3a Adjusting TeX boxes (trim, clip, ...)
(/Users/hayleeoyler/Library/TinyTeX/texmf-dist/tex/latex/xkeyval/xkeyval.sty
Package: xkeyval 2022/06/16 v2.9 package option processing (HA)
(/Users/hayleeoyler/Library/TinyTeX/texmf-dist/tex/generic/xkeyval/xkeyval.tex (/Users/hayleeoyler/Library/TinyTeX/texmf-dist/tex/generic/xkeyval/xkvutils.tex
\XKV@toks=\toks39
\XKV@tempa@toks=\toks40
)
\XKV@depth=\count333
File: xkeyval.tex 2014/12/03 v2.7a key=value parser (HA)
)) (/Users/hayleeoyler/Library/TinyTeX/texmf-dist/tex/latex/adjustbox/adjcalc.sty
Package: adjcalc 2012/05/16 v1.1 Provides advanced setlength with multiple back-ends (calc, etex, pgfmath)
) (/Users/hayleeoyler/Library/TinyTeX/texmf-dist/tex/latex/adjustbox/trimclip.sty
Package: trimclip 2020/08/19 v1.2 Trim and clip general TeX material
(/Users/hayleeoyler/Library/TinyTeX/texmf-dist/tex/latex/collectbox/collectbox.sty
Package: collectbox 2022/10/17 v0.4c Collect macro arguments as boxes
\collectedbox=\box84
)
\tc@llx=\dimen276
\tc@lly=\dimen277
\tc@urx=\dimen278
\tc@ury=\dimen279
Package trimclip Info: Using driver 'tc-pdftex.def'.
(/Users/hayleeoyler/Library/TinyTeX/texmf-dist/tex/latex/adjustbox/tc-pdftex.def
File: tc-pdftex.def 2019/01/04 v2.2 Clipping driver for pdftex
))
\adjbox@Width=\dimen280
\adjbox@Height=\dimen281
\adjbox@Depth=\dimen282
\adjbox@Totalheight=\dimen283
\adjbox@pwidth=\dimen284
\adjbox@pheight=\dimen285
\adjbox@pdepth=\dimen286
\adjbox@ptotalheight=\dimen287
) (/Users/hayleeoyler/Library/TinyTeX/texmf-dist/tex/latex/hyperref/hyperref.sty
Package: hyperref 2024-11-05 v7.01l Hypertext links for LaTeX
(/Users/hayleeoyler/Library/TinyTeX/texmf-dist/tex/generic/kvdefinekeys/kvdefinekeys.sty
Package: kvdefinekeys 2019-12-19 v1.6 Define keys (HO)
) (/Users/hayleeoyler/Library/TinyTeX/texmf-dist/tex/generic/pdfescape/pdfescape.sty
Package: pdfescape 2019/12/09 v1.15 Implements pdfTeX's escape features (HO)
(/Users/hayleeoyler/Library/TinyTeX/texmf-dist/tex/generic/pdftexcmds/pdftexcmds.sty
Package: pdftexcmds 2020-06-27 v0.33 Utility functions of pdfTeX for LuaTeX (HO)
(/Users/hayleeoyler/Library/TinyTeX/texmf-dist/tex/generic/infwarerr/infwarerr.sty
Package: infwarerr 2019/12/03 v1.5 Providing info/warning/error messages (HO)
)
Package pdftexcmds Info: \pdf@primitive is available.
Package pdftexcmds Info: \pdf@ifprimitive is available.
Package pdftexcmds Info: \pdfdraftmode found.
)) (/Users/hayleeoyler/Library/TinyTeX/texmf-dist/tex/latex/hycolor/hycolor.sty
Package: hycolor 2020-01-27 v1.10 Color options for hyperref/bookmark (HO)
) (/Users/hayleeoyler/Library/TinyTeX/texmf-dist/tex/latex/hyperref/nameref.sty
Package: nameref 2023-11-26 v2.56 Cross-referencing by name of section
(/Users/hayleeoyler/Library/TinyTeX/texmf-dist/tex/latex/refcount/refcount.sty
Package: refcount 2019/12/15 v3.6 Data extraction from label references (HO)
) (/Users/hayleeoyler/Library/TinyTeX/texmf-dist/tex/generic/gettitlestring/gettitlestring.sty
Package: gettitlestring 2019/12/15 v1.6 Cleanup title references (HO)
)
\c@section@level=\count334
) (/Users/hayleeoyler/Library/TinyTeX/texmf-dist/tex/generic/stringenc/stringenc.sty
Package: stringenc 2019/11/29 v1.12 Convert strings between diff. encodings (HO)
)
\@linkdim=\dimen288
\Hy@linkcounter=\count335
\Hy@pagecounter=\count336
(/Users/hayleeoyler/Library/TinyTeX/texmf-dist/tex/latex/hyperref/pd1enc.def
File: pd1enc.def 2024-11-05 v7.01l Hyperref: PDFDocEncoding definition (HO)
Now handling font encoding PD1 ...
... no UTF-8 mapping file for font encoding PD1
) (/Users/hayleeoyler/Library/TinyTeX/texmf-dist/tex/generic/intcalc/intcalc.sty
Package: intcalc 2019/12/15 v1.3 Expandable calculations with integers (HO)
)
\Hy@SavedSpaceFactor=\count337
(/Users/hayleeoyler/Library/TinyTeX/texmf-dist/tex/latex/hyperref/puenc.def
File: puenc.def 2024-11-05 v7.01l Hyperref: PDF Unicode definition (HO)
Now handling font encoding PU ...
... no UTF-8 mapping file for font encoding PU
)
Package hyperref Info: Option `unicode' set `true' on input line 4040.
Package hyperref Info: Hyper figures OFF on input line 4157.
Package hyperref Info: Link nesting OFF on input line 4162.
Package hyperref Info: Hyper index ON on input line 4165.
Package hyperref Info: Plain pages OFF on input line 4172.
Package hyperref Info: Backreferencing OFF on input line 4177.
Package hyperref Info: Implicit mode ON; LaTeX internals redefined.
Package hyperref Info: Bookmarks ON on input line 4424.
\c@Hy@tempcnt=\count338
(/Users/hayleeoyler/Library/TinyTeX/texmf-dist/tex/latex/url/url.sty
\Urlmuskip=\muskip18
Package: url 2013/09/16  ver 3.4  Verb mode for urls, etc.
)
LaTeX Info: Redefining \url on input line 4763.
\XeTeXLinkMargin=\dimen289
(/Users/hayleeoyler/Library/TinyTeX/texmf-dist/tex/generic/bitset/bitset.sty
Package: bitset 2019/12/09 v1.3 Handle bit-vector datatype (HO)
(/Users/hayleeoyler/Library/TinyTeX/texmf-dist/tex/generic/bigintcalc/bigintcalc.sty
Package: bigintcalc 2019/12/15 v1.5 Expandable calculations on big integers (HO)
))
\Fld@menulength=\count339
\Field@Width=\dimen290
\Fld@charsize=\dimen291
Package hyperref Info: Hyper figures OFF on input line 6042.
Package hyperref Info: Link nesting OFF on input line 6047.
Package hyperref Info: Hyper index ON on input line 6050.
Package hyperref Info: backreferencing OFF on input line 6057.
Package hyperref Info: Link coloring OFF on input line 6062.
Package hyperref Info: Link coloring with OCG OFF on input line 6067.
Package hyperref Info: PDF/A mode OFF on input line 6072.
(/Users/hayleeoyler/Library/TinyTeX/texmf-dist/tex/latex/base/atbegshi-ltx.sty
Package: atbegshi-ltx 2021/01/10 v1.0c Emulation of the original atbegshi
package with kernel methods
)
\Hy@abspage=\count340
\c@Item=\count341
\c@Hfootnote=\count342
)
Package hyperref Info: Driver (autodetected): hpdftex.
(/Users/hayleeoyler/Library/TinyTeX/texmf-dist/tex/latex/hyperref/hpdftex.def
File: hpdftex.def 2024-11-05 v7.01l Hyperref driver for pdfTeX
(/Users/hayleeoyler/Library/TinyTeX/texmf-dist/tex/latex/base/atveryend-ltx.sty
Package: atveryend-ltx 2020/08/19 v1.0a Emulation of the original atveryend package
with kernel methods
)
\Fld@listcount=\count343
\c@bookmark@seq@number=\count344
(/Users/hayleeoyler/Library/TinyTeX/texmf-dist/tex/latex/rerunfilecheck/rerunfilecheck.sty
Package: rerunfilecheck 2022-07-10 v1.10 Rerun checks for auxiliary files (HO)
(/Users/hayleeoyler/Library/TinyTeX/texmf-dist/tex/generic/uniquecounter/uniquecounter.sty
Package: uniquecounter 2019/12/15 v1.4 Provide unlimited unique counter (HO)
)
Package uniquecounter Info: New unique counter `rerunfilecheck' on input line 285.
)
\Hy@SectionHShift=\skip71
) (/Users/hayleeoyler/Library/TinyTeX/texmf-dist/tex/latex/bookmark/bookmark.sty
Package: bookmark 2023-12-10 v1.31 PDF bookmarks (HO)
(/Users/hayleeoyler/Library/TinyTeX/texmf-dist/tex/latex/bookmark/bkm-pdftex.def
File: bkm-pdftex.def 2023-12-10 v1.31 bookmark driver for pdfTeX and luaTeX (HO)
\BKM@id=\count345
))
LaTeX Font Info:    Trying to load font information for T1+lmr on input line 143.
(/Users/hayleeoyler/Library/TinyTeX/texmf-dist/tex/latex/lm/t1lmr.fd
File: t1lmr.fd 2015/05/01 v1.6.1 Font defs for Latin Modern
) (/Users/hayleeoyler/Library/TinyTeX/texmf-dist/tex/latex/l3backend/l3backend-pdftex.def
File: l3backend-pdftex.def 2024-05-08 L3 backend support: PDF output (pdfTeX)
\l__color_backend_stack_int=\count346
\l__pdf_internal_box=\box85
) (./hw1-lobstrs-eds241.aux)
\openout1 = `hw1-lobstrs-eds241.aux'.

LaTeX Font Info:    Checking defaults for OML/cmm/m/it on input line 143.
LaTeX Font Info:    ... okay on input line 143.
LaTeX Font Info:    Checking defaults for OMS/cmsy/m/n on input line 143.
LaTeX Font Info:    ... okay on input line 143.
LaTeX Font Info:    Checking defaults for OT1/cmr/m/n on input line 143.
LaTeX Font Info:    ... okay on input line 143.
LaTeX Font Info:    Checking defaults for T1/cmr/m/n on input line 143.
LaTeX Font Info:    ... okay on input line 143.
LaTeX Font Info:    Checking defaults for TS1/cmr/m/n on input line 143.
LaTeX Font Info:    ... okay on input line 143.
LaTeX Font Info:    Checking defaults for OMX/cmex/m/n on input line 143.
LaTeX Font Info:    ... okay on input line 143.
LaTeX Font Info:    Checking defaults for U/cmr/m/n on input line 143.
LaTeX Font Info:    ... okay on input line 143.
LaTeX Font Info:    Checking defaults for PD1/pdf/m/n on input line 143.
LaTeX Font Info:    ... okay on input line 143.
LaTeX Font Info:    Checking defaults for PU/pdf/m/n on input line 143.
LaTeX Font Info:    ... okay on input line 143.
(/Users/hayleeoyler/Library/TinyTeX/texmf-dist/tex/latex/epstopdf-pkg/epstopdf-base.sty
Package: epstopdf-base 2020-01-24 v2.11 Base part for package epstopdf
Package epstopdf-base Info: Redefining graphics rule for `.eps' on input line 485.
(/Users/hayleeoyler/Library/TinyTeX/texmf-dist/tex/latex/latexconfig/epstopdf-sys.cfg
File: epstopdf-sys.cfg 2010/07/13 v1.3 Configuration of (r)epstopdf for TeX Live
))
*geometry* driver: auto-detecting
*geometry* detected driver: pdftex
*geometry* verbose mode - [ preamble ] result:
* driver: pdftex
* paper: <default>
* layout: <same size as paper>
* layoutoffset:(h,v)=(0.0pt,0.0pt)
* modes: 
* h-part:(L,W,R)=(72.26999pt, 469.75502pt, 72.26999pt)
* v-part:(T,H,B)=(72.26999pt, 650.43001pt, 72.26999pt)
* \paperwidth=614.295pt
* \paperheight=794.96999pt
* \textwidth=469.75502pt
* \textheight=650.43001pt
* \oddsidemargin=0.0pt
* \evensidemargin=0.0pt
* \topmargin=-37.0pt
* \headheight=12.0pt
* \headsep=25.0pt
* \topskip=10.0pt
* \footskip=30.0pt
* \marginparwidth=65.0pt
* \marginparsep=11.0pt
* \columnsep=10.0pt
* \skip\footins=9.0pt plus 4.0pt minus 2.0pt
* \hoffset=0.0pt
* \voffset=0.0pt
* \mag=1000
* \@twocolumnfalse
* \@twosidefalse
* \@mparswitchfalse
* \@reversemarginfalse
* (1in=72.27pt=25.4mm, 1cm=28.453pt)

Package microtype Info: Patching varwidth to enable character protrusion.
\MT@vwid@leftmargin=\dimen292
\MT@vwid@rightmargin=\dimen293
LaTeX Info: Redefining \microtypecontext on input line 143.
Package microtype Info: Applying patch `item' on input line 143.
Package microtype Info: Applying patch `toc' on input line 143.
Package microtype Info: Applying patch `eqnum' on input line 143.
Package microtype Info: Applying patch `footnote' on input line 143.
Package microtype Info: Applying patch `verbatim' on input line 143.
LaTeX Info: Redefining \microtypesetup on input line 143.
Package microtype Info: Generating PDF output.
Package microtype Info: Character protrusion enabled (level 2).
Package microtype Info: Using protrusion set `basicmath'.
Package microtype Info: Automatic font expansion enabled (level 2),
(microtype)             stretch: 20, shrink: 20, step: 1, non-selected.
Package microtype Info: Using default expansion set `alltext-nott'.
LaTeX Info: Redefining \showhyphens on input line 143.
Package microtype Info: No adjustment of tracking.
Package microtype Info: No adjustment of interword spacing.
Package microtype Info: No adjustment of character kerning.
(/Users/hayleeoyler/Library/TinyTeX/texmf-dist/tex/latex/microtype/mt-cmr.cfg
File: mt-cmr.cfg 2013/05/19 v2.2 microtype config. file: Computer Modern Roman (RS)
)
Package caption Info: Begin \AtBeginDocument code.
Package caption Info: float package is loaded.
Package caption Info: hyperref package is loaded.
Package caption Info: longtable package is loaded.
(/Users/hayleeoyler/Library/TinyTeX/texmf-dist/tex/latex/caption/ltcaption.sty
Package: ltcaption 2021/01/08 v1.4c longtable captions (AR)
)
Package caption Info: threeparttable package is loaded.
Package caption Info: wrapfig package is loaded.
Package caption Info: End \AtBeginDocument code.
Package hyperref Info: Link coloring OFF on input line 143.
LaTeX Font Info:    Trying to load font information for OT1+lmr on input line 145.
(/Users/hayleeoyler/Library/TinyTeX/texmf-dist/tex/latex/lm/ot1lmr.fd
File: ot1lmr.fd 2015/05/01 v1.6.1 Font defs for Latin Modern
)
LaTeX Font Info:    Trying to load font information for OML+lmm on input line 145.
(/Users/hayleeoyler/Library/TinyTeX/texmf-dist/tex/latex/lm/omllmm.fd
File: omllmm.fd 2015/05/01 v1.6.1 Font defs for Latin Modern
)
LaTeX Font Info:    Trying to load font information for OMS+lmsy on input line 145.
(/Users/hayleeoyler/Library/TinyTeX/texmf-dist/tex/latex/lm/omslmsy.fd
File: omslmsy.fd 2015/05/01 v1.6.1 Font defs for Latin Modern
)
LaTeX Font Info:    Trying to load font information for OMX+lmex on input line 145.
(/Users/hayleeoyler/Library/TinyTeX/texmf-dist/tex/latex/lm/omxlmex.fd
File: omxlmex.fd 2015/05/01 v1.6.1 Font defs for Latin Modern
)
LaTeX Font Info:    External font `lmex10' loaded for size
(Font)              <12> on input line 145.
LaTeX Font Info:    External font `lmex10' loaded for size
(Font)              <8> on input line 145.
LaTeX Font Info:    External font `lmex10' loaded for size
(Font)              <6> on input line 145.
LaTeX Font Info:    Trying to load font information for U+msa on input line 145.
(/Users/hayleeoyler/Library/TinyTeX/texmf-dist/tex/latex/amsfonts/umsa.fd
File: umsa.fd 2013/01/14 v3.01 AMS symbols A
) (/Users/hayleeoyler/Library/TinyTeX/texmf-dist/tex/latex/microtype/mt-msa.cfg
File: mt-msa.cfg 2006/02/04 v1.1 microtype config. file: AMS symbols (a) (RS)
)
LaTeX Font Info:    Trying to load font information for U+msb on input line 145.
(/Users/hayleeoyler/Library/TinyTeX/texmf-dist/tex/latex/amsfonts/umsb.fd
File: umsb.fd 2013/01/14 v3.01 AMS symbols B
) (/Users/hayleeoyler/Library/TinyTeX/texmf-dist/tex/latex/microtype/mt-msb.cfg
File: mt-msb.cfg 2005/06/01 v1.0 microtype config. file: AMS symbols (b) (RS)
)
<figures/spiny2.jpg, id=4, 1204.5pt x 996.72375pt>
File: figures/spiny2.jpg Graphic file (type jpg)
<use figures/spiny2.jpg>
Package pdftex.def Info: figures/spiny2.jpg  used on input line 148.
(pdftex.def)             Requested size: 1204.49707pt x 996.72133pt.
LaTeX Font Info:    Trying to load font information for TS1+lmr on input line 156.
(/Users/hayleeoyler/Library/TinyTeX/texmf-dist/tex/latex/lm/ts1lmr.fd
File: ts1lmr.fd 2015/05/01 v1.6.1 Font defs for Latin Modern
)

[1

{/Users/hayleeoyler/Library/TinyTeX/texmf-var/fonts/map/pdftex/updmap/pdftex.map}{/Users/hayleeoyler/Library/TinyTeX/texmf-dist/fonts/enc/dvips/lm/lm-ec.enc} <./figures/spiny2.jpg>]
LaTeX Font Info:    Trying to load font information for T1+lmtt on input line 168.
(/Users/hayleeoyler/Library/TinyTeX/texmf-dist/tex/latex/lm/t1lmtt.fd
File: t1lmtt.fd 2015/05/01 v1.6.1 Font defs for Latin Modern
)
LaTeX Font Info:    Font shape `T1/lmtt/bx/n' in size <10> not available
(Font)              Font shape `T1/lmtt/b/n' tried instead on input line 182.

LaTeX Font Warning: Font shape `T1/lmtt/bx/it' in size <10> not available
(Font)              Font shape `T1/lmtt/b/sl' tried instead on input line 192.

LaTeX Font Info:    Trying to load font information for TS1+lmtt on input line 192.
(/Users/hayleeoyler/Library/TinyTeX/texmf-dist/tex/latex/lm/ts1lmtt.fd
File: ts1lmtt.fd 2015/05/01 v1.6.1 Font defs for Latin Modern
)

LaTeX Font Warning: Font shape `TS1/lmtt/bx/it' in size <10> not available
(Font)              Font shape `TS1/lmtt/b/sl' tried instead on input line 192.

LaTeX Font Info:    External font `lmex10' loaded for size
(Font)              <10> on input line 205.
LaTeX Font Info:    External font `lmex10' loaded for size
(Font)              <7> on input line 205.
LaTeX Font Info:    External font `lmex10' loaded for size
(Font)              <5> on input line 205.
<figures/map-5reefs.png, id=15, 676.02562pt x 242.40562pt>
File: figures/map-5reefs.png Graphic file (type png)
<use figures/map-5reefs.png>
Package pdftex.def Info: figures/map-5reefs.png  used on input line 234.
(pdftex.def)             Requested size: 676.02396pt x 242.40501pt.


[2{/Users/hayleeoyler/Library/TinyTeX/texmf-dist/fonts/enc/dvips/lm/lm-ts1.enc}]

[3 <./figures/map-5reefs.png>]

[4]
<hw1-lobstrs-eds241_files/figure-latex/unnamed-chunk-5-1.pdf, id=50, 453.695pt x 313.17pt>
File: hw1-lobstrs-eds241_files/figure-latex/unnamed-chunk-5-1.pdf Graphic file (type pdf)
<use hw1-lobstrs-eds241_files/figure-latex/unnamed-chunk-5-1.pdf>
Package pdftex.def Info: hw1-lobstrs-eds241_files/figure-latex/unnamed-chunk-5-1.pdf  used on input line 430.
(pdftex.def)             Requested size: 453.6939pt x 313.16922pt.


[5 <./hw1-lobstrs-eds241_files/figure-latex/unnamed-chunk-5-1.pdf>]
<hw1-lobstrs-eds241_files/figure-latex/unnamed-chunk-5-2.pdf, id=66, 459.7175pt x 313.17pt>
File: hw1-lobstrs-eds241_files/figure-latex/unnamed-chunk-5-2.pdf Graphic file (type pdf)
<use hw1-lobstrs-eds241_files/figure-latex/unnamed-chunk-5-2.pdf>
Package pdftex.def Info: hw1-lobstrs-eds241_files/figure-latex/unnamed-chunk-5-2.pdf  used on input line 447.
(pdftex.def)             Requested size: 459.71637pt x 313.16922pt.
<hw1-lobstrs-eds241_files/figure-latex/unnamed-chunk-5-3.pdf, id=67, 453.695pt x 313.17pt>
File: hw1-lobstrs-eds241_files/figure-latex/unnamed-chunk-5-3.pdf Graphic file (type pdf)
<use hw1-lobstrs-eds241_files/figure-latex/unnamed-chunk-5-3.pdf>
Package pdftex.def Info: hw1-lobstrs-eds241_files/figure-latex/unnamed-chunk-5-3.pdf  used on input line 464.
(pdftex.def)             Requested size: 453.6939pt x 313.16922pt.


[6 <./hw1-lobstrs-eds241_files/figure-latex/unnamed-chunk-5-2.pdf>]
<hw1-lobstrs-eds241_files/figure-latex/unnamed-chunk-5-4.pdf, id=79, 436.63126pt x 283.0575pt>
File: hw1-lobstrs-eds241_files/figure-latex/unnamed-chunk-5-4.pdf Graphic file (type pdf)
<use hw1-lobstrs-eds241_files/figure-latex/unnamed-chunk-5-4.pdf>
Package pdftex.def Info: hw1-lobstrs-eds241_files/figure-latex/unnamed-chunk-5-4.pdf  used on input line 476.
(pdftex.def)             Requested size: 436.63019pt x 283.0568pt.


[7 <./hw1-lobstrs-eds241_files/figure-latex/unnamed-chunk-5-3.pdf>]
Underfull \hbox (badness 10000) in paragraph at lines 506--507

 []



[8 <./hw1-lobstrs-eds241_files/figure-latex/unnamed-chunk-5-4.pdf>]
<hw1-lobstrs-eds241_files/figure-latex/unnamed-chunk-8-1.pdf, id=113, 449.68pt x 315.1775pt>
File: hw1-lobstrs-eds241_files/figure-latex/unnamed-chunk-8-1.pdf Graphic file (type pdf)
<use hw1-lobstrs-eds241_files/figure-latex/unnamed-chunk-8-1.pdf>
Package pdftex.def Info: hw1-lobstrs-eds241_files/figure-latex/unnamed-chunk-8-1.pdf  used on input line 576.
(pdftex.def)             Requested size: 449.6789pt x 315.17673pt.


[9 <./hw1-lobstrs-eds241_files/figure-latex/unnamed-chunk-8-1.pdf>]
<hw1-lobstrs-eds241_files/figure-latex/unnamed-chunk-9-1.pdf, id=133, 237.88875pt x 303.1325pt>
File: hw1-lobstrs-eds241_files/figure-latex/unnamed-chunk-9-1.pdf Graphic file (type pdf)
<use hw1-lobstrs-eds241_files/figure-latex/unnamed-chunk-9-1.pdf>
Package pdftex.def Info: hw1-lobstrs-eds241_files/figure-latex/unnamed-chunk-9-1.pdf  used on input line 587.
(pdftex.def)             Requested size: 237.88815pt x 303.13176pt.
<hw1-lobstrs-eds241_files/figure-latex/unnamed-chunk-10-1.pdf, id=134, 236.885pt x 303.1325pt>
File: hw1-lobstrs-eds241_files/figure-latex/unnamed-chunk-10-1.pdf Graphic file (type pdf)
<use hw1-lobstrs-eds241_files/figure-latex/unnamed-chunk-10-1.pdf>
Package pdftex.def Info: hw1-lobstrs-eds241_files/figure-latex/unnamed-chunk-10-1.pdf  used on input line 595.
(pdftex.def)             Requested size: 236.88441pt x 303.13176pt.


[10 <./hw1-lobstrs-eds241_files/figure-latex/unnamed-chunk-9-1.pdf>]
<hw1-lobstrs-eds241_files/figure-latex/unnamed-chunk-11-1.pdf, id=146, 253.94875pt x 303.1325pt>
File: hw1-lobstrs-eds241_files/figure-latex/unnamed-chunk-11-1.pdf Graphic file (type pdf)
<use hw1-lobstrs-eds241_files/figure-latex/unnamed-chunk-11-1.pdf>
Package pdftex.def Info: hw1-lobstrs-eds241_files/figure-latex/unnamed-chunk-11-1.pdf  used on input line 603.
(pdftex.def)             Requested size: 253.94812pt x 303.13176pt.


[11 <./hw1-lobstrs-eds241_files/figure-latex/unnamed-chunk-10-1.pdf> <./hw1-lobstrs-eds241_files/figure-latex/unnamed-chunk-11-1.pdf>]
<hw1-lobstrs-eds241_files/figure-latex/unnamed-chunk-12-1.pdf, id=173, 259.97125pt x 307.1475pt>
File: hw1-lobstrs-eds241_files/figure-latex/unnamed-chunk-12-1.pdf Graphic file (type pdf)
<use hw1-lobstrs-eds241_files/figure-latex/unnamed-chunk-12-1.pdf>
Package pdftex.def Info: hw1-lobstrs-eds241_files/figure-latex/unnamed-chunk-12-1.pdf  used on input line 611.
(pdftex.def)             Requested size: 259.97061pt x 307.14674pt.


[12 <./hw1-lobstrs-eds241_files/figure-latex/unnamed-chunk-12-1.pdf>]
<hw1-lobstrs-eds241_files/figure-latex/unnamed-chunk-14-1.pdf, id=188, 459.7175pt x 303.1325pt>
File: hw1-lobstrs-eds241_files/figure-latex/unnamed-chunk-14-1.pdf Graphic file (type pdf)
<use hw1-lobstrs-eds241_files/figure-latex/unnamed-chunk-14-1.pdf>
Package pdftex.def Info: hw1-lobstrs-eds241_files/figure-latex/unnamed-chunk-14-1.pdf  used on input line 719.
(pdftex.def)             Requested size: 459.71637pt x 303.13176pt.


[13]

[14 <./hw1-lobstrs-eds241_files/figure-latex/unnamed-chunk-14-1.pdf>]
<hw1-lobstrs-eds241_files/figure-latex/unnamed-chunk-20-1.pdf, id=214, 453.695pt x 313.17pt>
File: hw1-lobstrs-eds241_files/figure-latex/unnamed-chunk-20-1.pdf Graphic file (type pdf)
<use hw1-lobstrs-eds241_files/figure-latex/unnamed-chunk-20-1.pdf>
Package pdftex.def Info: hw1-lobstrs-eds241_files/figure-latex/unnamed-chunk-20-1.pdf  used on input line 869.
(pdftex.def)             Requested size: 453.6939pt x 313.16922pt.


[15]
<hw1-lobstrs-eds241_files/figure-latex/unnamed-chunk-21-1.pdf, id=222, 459.7175pt x 303.1325pt>
File: hw1-lobstrs-eds241_files/figure-latex/unnamed-chunk-21-1.pdf Graphic file (type pdf)
<use hw1-lobstrs-eds241_files/figure-latex/unnamed-chunk-21-1.pdf>
Package pdftex.def Info: hw1-lobstrs-eds241_files/figure-latex/unnamed-chunk-21-1.pdf  used on input line 877.
(pdftex.def)             Requested size: 459.71637pt x 303.13176pt.


[16 <./hw1-lobstrs-eds241_files/figure-latex/unnamed-chunk-20-1.pdf> <./hw1-lobstrs-eds241_files/figure-latex/unnamed-chunk-21-1.pdf>]

[17{/Users/hayleeoyler/Library/TinyTeX/texmf-dist/fonts/enc/dvips/lm/lm-mathit.enc}]

LaTeX Warning: `!h' float specifier changed to `!ht'.

<hw1-lobstrs-eds241_files/figure-latex/unnamed-chunk-25-1.pdf, id=255, 448.67625pt x 315.1775pt>
File: hw1-lobstrs-eds241_files/figure-latex/unnamed-chunk-25-1.pdf Graphic file (type pdf)
<use hw1-lobstrs-eds241_files/figure-latex/unnamed-chunk-25-1.pdf>
Package pdftex.def Info: hw1-lobstrs-eds241_files/figure-latex/unnamed-chunk-25-1.pdf  used on input line 1129.
(pdftex.def)             Requested size: 448.67516pt x 315.17673pt.


[18]
<hw1-lobstrs-eds241_files/figure-latex/unnamed-chunk-25-2.pdf, id=261, 448.67625pt x 315.1775pt>
File: hw1-lobstrs-eds241_files/figure-latex/unnamed-chunk-25-2.pdf Graphic file (type pdf)
<use hw1-lobstrs-eds241_files/figure-latex/unnamed-chunk-25-2.pdf>
Package pdftex.def Info: hw1-lobstrs-eds241_files/figure-latex/unnamed-chunk-25-2.pdf  used on input line 1139.
(pdftex.def)             Requested size: 448.67516pt x 315.17673pt.


[19 <./hw1-lobstrs-eds241_files/figure-latex/unnamed-chunk-25-1.pdf>]
<hw1-lobstrs-eds241_files/figure-latex/unnamed-chunk-26-1.pdf, id=277, 453.695pt x 313.17pt>
File: hw1-lobstrs-eds241_files/figure-latex/unnamed-chunk-26-1.pdf Graphic file (type pdf)
<use hw1-lobstrs-eds241_files/figure-latex/unnamed-chunk-26-1.pdf>
Package pdftex.def Info: hw1-lobstrs-eds241_files/figure-latex/unnamed-chunk-26-1.pdf  used on input line 1173.
(pdftex.def)             Requested size: 453.6939pt x 313.16922pt.


[20 <./hw1-lobstrs-eds241_files/figure-latex/unnamed-chunk-25-2.pdf>]

[21 <./hw1-lobstrs-eds241_files/figure-latex/unnamed-chunk-26-1.pdf>]
Overfull \hbox (47.25272pt too wide) in paragraph at lines 1258--1262
[]\T1/lmr/m/n/10 (-20) Use the re-cent lob-ster abun-dance data with ob-ser-va-tions col-lected up un-til 2024 (\T1/lmtt/m/n/10 lobster_sbchannel_24.csv\T1/lmr/m/n/10 (-20) )
 []

<figures/spiny1.png, id=308, 209.78375pt x 242.9075pt>
File: figures/spiny1.png Graphic file (type png)
<use figures/spiny1.png>
Package pdftex.def Info: figures/spiny1.png  used on input line 1278.
(pdftex.def)             Requested size: 209.78322pt x 242.90689pt.


[22 <./figures/spiny1.png>]
<hw1-lobstrs-eds241_files/figure-latex/unnamed-chunk-30-1.pdf, id=320, 453.695pt x 313.17pt>
File: hw1-lobstrs-eds241_files/figure-latex/unnamed-chunk-30-1.pdf Graphic file (type pdf)
<use hw1-lobstrs-eds241_files/figure-latex/unnamed-chunk-30-1.pdf>
Package pdftex.def Info: hw1-lobstrs-eds241_files/figure-latex/unnamed-chunk-30-1.pdf  used on input line 1343.
(pdftex.def)             Requested size: 453.6939pt x 313.16922pt.


[23]
<hw1-lobstrs-eds241_files/figure-latex/unnamed-chunk-30-2.pdf, id=326, 459.7175pt x 313.17pt>
File: hw1-lobstrs-eds241_files/figure-latex/unnamed-chunk-30-2.pdf Graphic file (type pdf)
<use hw1-lobstrs-eds241_files/figure-latex/unnamed-chunk-30-2.pdf>
Package pdftex.def Info: hw1-lobstrs-eds241_files/figure-latex/unnamed-chunk-30-2.pdf  used on input line 1360.
(pdftex.def)             Requested size: 459.71637pt x 313.16922pt.


[24 <./hw1-lobstrs-eds241_files/figure-latex/unnamed-chunk-30-1.pdf>]
<hw1-lobstrs-eds241_files/figure-latex/unnamed-chunk-30-3.pdf, id=339, 453.695pt x 313.17pt>
File: hw1-lobstrs-eds241_files/figure-latex/unnamed-chunk-30-3.pdf Graphic file (type pdf)
<use hw1-lobstrs-eds241_files/figure-latex/unnamed-chunk-30-3.pdf>
Package pdftex.def Info: hw1-lobstrs-eds241_files/figure-latex/unnamed-chunk-30-3.pdf  used on input line 1377.
(pdftex.def)             Requested size: 453.6939pt x 313.16922pt.


[25 <./hw1-lobstrs-eds241_files/figure-latex/unnamed-chunk-30-2.pdf>]
<hw1-lobstrs-eds241_files/figure-latex/unnamed-chunk-30-4.pdf, id=352, 436.63126pt x 283.0575pt>
File: hw1-lobstrs-eds241_files/figure-latex/unnamed-chunk-30-4.pdf Graphic file (type pdf)
<use hw1-lobstrs-eds241_files/figure-latex/unnamed-chunk-30-4.pdf>
Package pdftex.def Info: hw1-lobstrs-eds241_files/figure-latex/unnamed-chunk-30-4.pdf  used on input line 1389.
(pdftex.def)             Requested size: 436.63019pt x 283.0568pt.


[26 <./hw1-lobstrs-eds241_files/figure-latex/unnamed-chunk-30-3.pdf>]
Underfull \hbox (badness 10000) in paragraph at lines 1413--1414

 []


LaTeX Warning: `!h' float specifier changed to `!ht'.

<hw1-lobstrs-eds241_files/figure-latex/unnamed-chunk-33-1.pdf, id=367, 449.68pt x 315.1775pt>
File: hw1-lobstrs-eds241_files/figure-latex/unnamed-chunk-33-1.pdf Graphic file (type pdf)
<use hw1-lobstrs-eds241_files/figure-latex/unnamed-chunk-33-1.pdf>
Package pdftex.def Info: hw1-lobstrs-eds241_files/figure-latex/unnamed-chunk-33-1.pdf  used on input line 1458.
(pdftex.def)             Requested size: 449.6789pt x 315.17673pt.


[27 <./hw1-lobstrs-eds241_files/figure-latex/unnamed-chunk-30-4.pdf>]

[28 <./hw1-lobstrs-eds241_files/figure-latex/unnamed-chunk-33-1.pdf>]
<hw1-lobstrs-eds241_files/figure-latex/unnamed-chunk-35-1.pdf, id=403, 459.7175pt x 303.1325pt>
File: hw1-lobstrs-eds241_files/figure-latex/unnamed-chunk-35-1.pdf Graphic file (type pdf)
<use hw1-lobstrs-eds241_files/figure-latex/unnamed-chunk-35-1.pdf>
Package pdftex.def Info: hw1-lobstrs-eds241_files/figure-latex/unnamed-chunk-35-1.pdf  used on input line 1517.
(pdftex.def)             Requested size: 459.71637pt x 303.13176pt.


[29 <./hw1-lobstrs-eds241_files/figure-latex/unnamed-chunk-35-1.pdf>]
<hw1-lobstrs-eds241_files/figure-latex/unnamed-chunk-37-1.pdf, id=423, 459.7175pt x 303.1325pt>
File: hw1-lobstrs-eds241_files/figure-latex/unnamed-chunk-37-1.pdf Graphic file (type pdf)
<use hw1-lobstrs-eds241_files/figure-latex/unnamed-chunk-37-1.pdf>
Package pdftex.def Info: hw1-lobstrs-eds241_files/figure-latex/unnamed-chunk-37-1.pdf  used on input line 1575.
(pdftex.def)             Requested size: 459.71637pt x 303.13176pt.


[30 <./hw1-lobstrs-eds241_files/figure-latex/unnamed-chunk-37-1.pdf>] (./hw1-lobstrs-eds241.aux)
 ***********
LaTeX2e <2024-11-01> patch level 1
L3 programming layer <2024-12-25>
 ***********
 ) 
Here is how much of TeX's memory you used:
 21238 strings out of 475117
 398909 string characters out of 5762805
 802190 words of memory out of 5000000
 43662 multiletter control sequences out of 15000+600000
 638423 words of font info for 175 fonts, out of 8000000 for 9000
 36 hyphenation exceptions out of 8191
 69i,13n,79p,1846b,1250s stack positions out of 10000i,1000n,20000p,200000b,200000s
</Users/hayleeoyler/Library/TinyTeX/texmf-dist/fonts/type1/public/lm/lmbx10.pfb></Users/hayleeoyler/Library/TinyTeX/texmf-dist/fonts/type1/public/lm/lmbx12.pfb></Users/hayleeoyler/Library/TinyTeX/texmf-dist/fonts/type1/public/lm/lmbxi10.pfb></Users/hayleeoyler/Library/TinyTeX/texmf-dist/fonts/type1/public/lm/lmmi10.pfb></Users/hayleeoyler/Library/TinyTeX/texmf-dist/fonts/type1/public/lm/lmr10.pfb></Users/hayleeoyler/Library/TinyTeX/texmf-dist/fonts/type1/public/lm/lmr12.pfb></Users/hayleeoyler/Library/TinyTeX/texmf-dist/fonts/type1/public/lm/lmr17.pfb></Users/hayleeoyler/Library/TinyTeX/texmf-dist/fonts/type1/public/lm/lmri10.pfb></Users/hayleeoyler/Library/TinyTeX/texmf-dist/fonts/type1/public/lm/lmri12.pfb></Users/hayleeoyler/Library/TinyTeX/texmf-dist/fonts/type1/public/lm/lmri8.pfb></Users/hayleeoyler/Library/TinyTeX/texmf-dist/fonts/type1/public/lm/lmtk10.pfb></Users/hayleeoyler/Library/TinyTeX/texmf-dist/fonts/type1/public/lm/lmtko10.pfb></Users/hayleeoyler/Library/TinyTeX/texmf-dist/fonts/type1/public/lm/lmtt10.pfb></Users/hayleeoyler/Library/TinyTeX/texmf-dist/fonts/type1/public/lm/lmtti10.pfb>
Output written on hw1-lobstrs-eds241.pdf (30 pages, 2519604 bytes).
PDF statistics:
 551 PDF objects out of 1000 (max. 8388607)
 409 compressed objects within 5 object streams
 78 named destinations out of 1000 (max. 500000)
 41134 words of extra memory for PDF output out of 42996 (max. 10000000)

